1
10
10001
10006
10008
10035
10036
10058
10063
10068
1007
10083
10091
10102
10124
10125
10136
1014
10144
10150
10159
10161
10168
10171
1018
10184
10185
10192
10198
10199
1020
10208
1021
10210
10213
10214
1022
10225
1023
10232
10239
10241
10242
10245
10252
10258
10261
10263
10264
10282
10308
10312
10316
10317
10324
10325
10329
1033
10331
10344
10345
1035
10354
10364
10368
10372
10374
10376
10378
10390
10399
10412
10413
10415
10426
10427
10431
10437
10439
10449
10457
10458
10461
10477
10482
1051
10517
10543
1055
10558
10591
10594
10604
10618
10622
10623
10624
10629
10639
10649
1065
10653
10657
10659
10665
1068
10688
10689
1069
10690
10691
10696
10710
10715
10727
1073
10737
10738
10739
10740
10741
10742
10743
10745
10747
10772
10777
10785
10788
10797
10800
10801
10802
10803
10807
10808
10812
10815
10816
10832
10854
10855
10857
10858
10870
10871
10879
109
10921
1093
10931
1094
10944
10989
1099
10991
10999
11
11000
11001
11002
11007
11011
11012
11013
11014
11023
11029
11030
11031
11032
11035
11039
11040
11047
1105
11064
11076
11077
11078
11079
11095
111
11110
11116
11126
11127
11128
11130
11137
11143
11148
11150
11151
11154
11158
1116
11169
11174
11175
11179
11181
11184
11198
112
11205
11207
1122
11223
11228
11237
11238
11258
1126
11260
11267
11268
1127
11271
11276
11277
11283
11286
11295
11296
11297
11302
11308
11315
11316
11331
11334
11337
11338
11339
11340
11344
11345
11358
11359
11360
11361
11364
11366
11367
11373
11377
11391
11392
11393
11395
11396
11397
11398
11399
11404
11406
1142
11430
11431
11445
11446
11454
1146
11464
11482
1149
11491
11492
11505
11511
11514
11516
1152
11522
11526
11528
1153
11537
11544
11547
11554
11555
11562
11563
11567
1157
11575
11576
11579
1158
11583
11589
11592
11608
11617
11618
11626
1164
11680
11692
11693
11694
11695
11697
11699
1170
11704
11707
1171
11713
11715
11718
1172
11720
11721
11722
11724
1173
11735
11738
11740
11746
11751
11755
11756
11757
11763
11765
11766
1177
11789
11792
11801
11819
1182
11827
11834
11849
11861
11865
1187
11874
11879
11885
11887
11890
11893
11897
11901
11905
1191
11917
11918
11925
11926
11927
11928
11929
11935
11946
11952
1196
11960
11961
11966
11969
11974
1198
11984
11988
1199
11991
12
120
1200
12001
1201
12011
12016
12018
1202
12023
12026
12028
12032
12035
12038
1204
12043
12044
12046
12059
12065
12066
1208
12084
12087
12090
12092
12100
12103
12110
12121
12122
12131
12139
12143
1215
12154
12156
12158
12174
12176
12178
12183
12184
1219
12192
12201
12203
12209
12210
12211
12212
12213
12214
12217
12233
12235
12236
12237
12239
12240
12241
12242
12243
12244
12245
1225
12250
12251
1227
12270
12272
12277
12280
12284
12290
12306
12318
12323
12327
12328
12329
12330
12331
12332
12333
12334
12345
12347
12361
12366
1237
12373
12387
12399
1240
12411
12412
12416
12418
12433
12436
1244
1245
12452
12456
1246
12463
12468
12479
12482
12483
1249
12498
12499
1250
12515
12519
12524
12529
1253
12531
12532
12533
12539
12541
12542
12543
12544
12545
12547
12548
12554
12555
12559
1256
1257
12582
1259
12598
12599
1260
12607
12612
12617
1262
12623
12626
1263
12630
12644
12646
12651
12669
1267
12671
12678
12688
12692
12703
12704
12712
12720
12729
12730
12731
12739
12743
12745
12748
12749
1275
12752
12768
12771
12774
12779
12790
128
12805
12806
12811
12818
12840
12866
1287
12870
12875
12883
12884
12887
12897
12901
12911
12913
12918
12922
1293
12932
12938
1294
12940
12956
1296
12961
12966
12968
12982
12983
12987
12992
12994
13
13002
13005
13010
13013
13014
13024
13026
1303
13031
1304
13041
1305
13057
1307
13073
13083
13086
13088
1309
131
1310
13104
13106
13107
13112
13113
13116
13131
13138
1314
13141
13142
13148
1315
13151
13160
13165
13166
13168
13169
1317
13171
13172
13174
13176
13177
13178
1318
13186
13187
13189
13194
13196
132
13200
13202
13214
13220
13221
13234
13237
13239
13242
13243
13245
1325
13254
13256
13257
13258
13259
1327
13275
13277
13278
13282
13287
13288
13289
13292
133
13317
13318
13323
13328
1333
13334
1335
13350
13361
13365
13369
13371
13376
13377
13379
13380
13384
13385
13387
13388
13390
13392
13399
134
13403
13411
13419
13428
13432
13435
1347
135
1360
1361
1363
1364
1369
1380
1382
1392
14
1401
142
1426
1448
145
1455
1458
1459
1460
1461
1463
1465
147
1472
1479
148
1489
1495
1496
1499
15
150
1500
152
1522
153
154
155
1564
1565
1566
1572
158
1580
1587
159
1592
1594
160
1602
1607
1611
1615
1629
163
1644
1646
1647
1648
1649
1661
1662
1663
1668
1675
1680
1686
1687
1688
1691
1702
1707
171
172
1720
1721
1724
1728
1736
1738
1749
175
1752
1754
1762
1771
1775
1781
1784
1797
1798
1801
1805
1807
1808
1810
1814
1817
1819
1820
1823
1845
1846
1847
1848
1849
1850
1854
1860
1861
1862
1874
1875
1889
1891
1893
19
1901
1907
1910
1914
1915
1916
1917
1918
1925
1926
1938
1944
1955
1956
1957
1982
1987
1988
1989
199
1990
1991
2
200
2019
2020
2025
2027
203
2037
2044
2058
2068
2072
2098
21
2112
2117
2118
2119
2120
2121
2123
2127
2128
2131
2137
2138
2153
2156
2157
2158
2160
2161
2162
2168
2169
2171
2181
2188
2191
2199
22
2202
2203
2224
2229
223
2230
224
2245
2246
2247
2248
2251
2253
2255
2258
226
2261
2264
2266
2268
2269
227
2270
2271
2272
2276
228
2286
2287
2292
2296
23
2304
2316
2317
2319
2323
2325
2326
2327
2332
2334
2335
2336
2337
2338
2339
2340
2345
2355
2356
2357
2358
2361
2363
2364
2367
2380
2381
2382
2383
2384
2390
24
2400
2406
2407
2425
2427
2429
2431
2448
245
2457
2458
2459
2460
2477
2495
25
2500
2511
2512
2516
2519
252
2532
2533
2534
2535
2536
2543
2549
2553
2557
2562
2563
2568
2571
2573
2575
2576
2581
2583
2592
2593
2599
26
2605
2607
2611
2613
2614
2618
2619
2624
2627
2637
2638
2640
2645
2646
2647
2649
2656
2659
266
2662
2675
2676
2677
2683
2692
27
2712
2716
2717
2719
2726
2727
273
2733
2734
2740
2741
2742
2744
2745
2746
2747
2748
2749
2750
2751
2752
2753
2754
2755
2757
2758
2759
2760
2761
2762
2763
2764
2766
2767
2768
2769
277
2770
2771
2772
2773
2774
2775
2776
2777
2778
2779
278
2780
2781
2782
2783
2784
2785
2786
2787
2789
279
2790
2791
2792
2793
2794
2795
2796
2797
2799
28
2800
2801
2802
2803
2804
2805
2806
2807
2808
2809
281
2810
2811
2812
2813
2814
2815
2816
2826
2827
2835
2840
2851
2866
2881
2883
2884
2886
2894
2895
2898
29
2900
2901
2903
2919
2921
2925
2927
2929
2930
2931
2932
2933
2934
2935
2936
2937
2938
2943
2944
2950
2953
2960
2968
297
2975
2977
2985
2988
2995
2996
3
30
300
3010
3011
3012
3014
3020
3039
3040
3042
3046
3047
3049
305
3051
3054
306
3064
3075
308
3089
3096
3097
3098
3101
3106
3107
3115
3132
3137
314
3162
3168
3169
3170
3176
3208
3209
3213
3214
3232
3237
3251
3263
3264
3266
3269
3273
3277
3278
3281
3282
3289
3295
33
3306
3312
3320
3331
3332
3333
3334
3340
3344
3355
3356
3357
3368
3370
3374
3377
3380
3381
3385
3386
3387
3394
3397
3405
3409
3410
343
3434
3435
3436
3439
3456
3467
3470
3479
3489
350
3502
351
3512
3516
3522
3527
3528
3547
3556
3561
3570
3571
3579
3583
3587
3589
3608
3622
3623
3636
3637
3638
3639
3641
3642
3643
3644
3645
3646
3656
3657
3660
3664
3671
3673
3681
3682
3683
3684
3686
3687
3688
3692
3693
3696
3699
3701
3702
3707
3712
3714
3719
3724
3725
3732
3741
3749
3766
3772
3793
3796
3797
3802
3809
3825
3826
3827
3830
3837
3844
3848
3849
3850
3853
3860
3863
3870
3873
3874
388
3880
3882
3883
3884
3885
3886
3887
3888
3889
389
3890
3892
3894
3895
3905
3906
3907
3908
3913
3914
3916
3918
3925
3927
3929
3935
3945
3948
3953
3963
3964
3969
397
3977
3978
3979
3980
3990
3992
3994
4
40
4010
4014
4023
4026
4031
4035
4044
4055
4063
4072
4075
4079
4080
4086
4087
4094
4097
41
4112
4116
4120
4134
4144
4152
4168
4172
4182
4184
4186
4190
4198
42
4208
421
4215
4216
4217
4218
4228
423
4230
4231
4233
4245
4247
4255
4256
4273
4280
4283
4287
4288
4290
4295
4297
43
4301
4302
4304
4310
4314
4315
4318
4320
4323
4327
4330
4333
4343
4347
4348
4349
4350
4351
4356
4357
4365
4368
4369
4377
4384
4388
4389
4395
44
4400
4404
4405
4425
4429
4436
4437
4438
4440
445
4459
4465
4466
4482
4483
4488
4499
4507
4516
4518
4519
4520
4524
4539
4540
4541
4542
4543
4544
4545
4546
4547
4548
4549
4559
4584
4585
4596
4598
4605
4607
4608
4613
4642
4653
4664
4670
4677
4682
4698
4702
4703
4721
4733
4734
4763
4777
4779
4795
4799
4800
4807
4810
4811
4813
4814
4815
4819
4821
4827
4829
4836
4837
4840
4858
4859
4869
4874
4879
488
4884
4891
4903
4925
4927
4928
4929
4936
4938
4942
4961
4985
4987
4992
4993
4994
4995
4996
4997
4998
4999
5
5017
502
5021
5025
5030
5041
5055
5056
5063
5072
509
5092
5095
510
5102
5104
5105
5108
511
5122
5129
513
5141
5143
5144
5145
5146
5154
5158
5159
5162
517
5171
5178
5179
5188
5190
5193
5196
5198
520
5202
5203
521
5215
522
5222
5230
5231
524
5240
5244
5259
526
5261
5263
5270
5275
5277
528
5282
5283
529
5290
5291
5292
5293
5294
5295
531
5316
5329
534
535
5356
5359
5362
5369
537
5372
538
5383
5385
5387
5409
541
5418
542
5429
543
5433
5438
5442
5448
5452
5455
5466
5467
5475
5477
5479
5480
5481
5483
5484
5486
5491
5498
5500
5501
5502
5508
5513
5521
5529
5536
5537
5546
5547
5558
5562
5563
5564
5607
5616
562
5628
5630
5638
5642
5643
5651
5657
5661
5666
5671
5674
568
5682
569
5692
5693
5694
5698
5707
571
5715
572
573
5731
5732
5742
5744
5758
5760
5761
5763
5765
5768
5773
5774
5775
5776
5777
5778
5779
5780
5787
5788
5794
5799
58
5800
5803
5805
5806
5807
5808
5809
5813
5821
5827
5831
5832
5833
5834
5836
5837
5838
5839
5840
5841
5842
5843
5844
5845
5847
5848
5849
5850
5857
5866
5868
5870
5884
5885
5886
5887
5895
59
5906
5909
5910
5919
5925
5928
5930
5936
5954
5958
5964
5967
597
5978
5979
5981
5985
599
6
6009
602
6020
6038
604
6041
6042
6043
6046
605
6050
6061
6063
6064
6070
6072
6096
6102
6107
6109
6110
612
6134
6135
6138
6139
6141
616
6165
6166
617
6174
6198
62
6205
621
6216
6219
622
6220
6221
6222
6226
6227
6228
6229
6230
6232
6240
6243
6245
6246
6253
6257
6263
6279
6282
629
6290
6292
6296
6304
6311
6319
6327
6328
633
6332
6337
6340
6364
6365
6367
637
6374
6385
6386
6387
6388
6389
6390
6395
6403
6404
6405
6414
6416
6426
6429
6433
6434
6440
6441
6445
6457
6462
6464
6469
647
6473
6488
65
650
6501
6503
6505
6506
6507
6508
6509
6510
6511
6548
6552
6553
6556
6564
6575
6577
658
6581
6590
6592
6595
6596
6597
66
660
6600
6603
6605
6611
6615
6618
6619
6622
6627
663
6635
6636
6638
664
6644
6648
6651
6654
6655
666
667
6670
6676
6678
6679
6686
669
6691
67
670
6701
6702
6706
672
6726
6727
673
6733
6734
6736
674
6744
6759
6765
6772
6779
678
679
6793
68
680
6802
6809
6812
682
6826
6833
6842
6843
6845
6851
6864
6880
6882
6897
6900
6911
6913
6918
692
6929
693
6932
6935
6936
6937
694
6941
6945
6946
6947
6963
6965
697
6973
6975
6977
698
6981
6983
6991
6993
700
7000
7005
701
7010
7016
702
7021
7023
7026
7031
7034
7035
7039
7040
7041
7042
7044
7046
7050
7052
7053
706
7061
7065
7067
7073
7074
7086
709
7090
7094
71
7108
7115
7118
7119
7131
7142
7148
7149
715
7150
7154
718
719
720
721
722
7221
7222
7223
7225
7238
7239
7240
7262
7269
7274
7275
7277
7279
7280
7283
7284
7288
7289
7295
7296
7297
7298
7299
730
7300
7307
731
7316
7317
7319
732
7321
7323
7326
733
7330
7334
7353
7366
7374
7380
7382
7386
7394
7395
7415
7418
7419
7422
7423
7428
7430
7433
7441
7444
7447
7453
7456
7462
7480
7494
7496
7498
7499
7500
7501
7502
7503
7504
7509
7511
7515
7524
7531
7539
754
7551
7553
7557
7558
7560
7561
757
7570
7571
7575
758
7580
7581
7582
7593
7601
7606
7608
7620
7623
7624
7626
7627
7628
7629
7630
7631
7633
7637
7639
7644
7647
7650
766
7661
7666
7669
767
7671
7672
768
7688
7689
7714
7724
7739
7740
7742
7744
7756
7761
7764
7771
7775
7782
7795
78
780
7811
7816
7818
7823
7825
7827
7841
7858
7861
7862
7865
7866
7867
7875
7888
7889
7891
7892
7894
7899
79
7919
7923
7936
7951
7955
7962
7968
797
7971
7977
7983
7987
7996
7997
7999
8
80
8002
8005
801
8010
8011
8013
8016
8018
8019
8022
8026
8030
8032
8034
8035
8036
804
8040
8041
8042
8043
8044
8045
8046
8048
8049
8052
8053
8054
8055
8056
8057
8081
8089
81
8103
8107
8111
8115
812
8121
8149
8151
8172
8193
82
8200
8202
8207
8222
824
8243
825
8251
8257
826
8263
8273
8280
8281
8292
8296
8297
83
8304
8305
8307
8313
8316
832
8322
8323
8324
8325
8326
8334
8335
8340
8341
8345
8351
8355
8357
8362
8365
837
8370
8371
8374
8375
8376
8380
8398
8399
840
8400
8423
8427
8447
8451
8462
8471
8475
8479
848
8491
850
8501
8508
8512
8522
8523
853
8530
8531
8532
8533
8534
8535
8536
8537
8538
8543
8552
8553
856
8564
857
8572
8578
8582
8585
8587
8596
8603
8616
8617
862
8621
8624
8628
8630
8631
8634
864
8644
8653
8657
8662
8668
8678
869
8698
8701
871
8741
8746
8747
875
8765
8766
8769
8777
878
8782
8785
8791
8795
8797
8798
8810
8829
8832
8836
8841
8847
8855
8856
8858
8861
8862
8863
8864
8865
8866
8871
8879
8884
8886
8891
8894
8897
8898
89
8910
8911
8918
8923
8951
8953
8960
8969
8975
898
8988
8993
8995
9
9000
9012
9015
9017
9018
9019
9020
9021
9023
9024
9025
9026
9029
903
9030
9033
9052
9063
9076
9077
9083
9091
9096
9097
9099
9100
9109
9110
9118
9119
9120
9123
9129
9133
9135
9152
9156
9160
9167
9168
9169
9171
9173
9175
9180
9191
9199
9213
9215
9219
9223
9238
9239
9248
9249
927
9273
928
9285
9286
9287
9288
9289
9298
9299
9300
9304
9310
9316
9327
9328
9336
9352
9353
9362
9364
937
9380
9381
9391
9392
9393
9394
9397
9398
9399
9401
9402
9403
9405
9406
9422
9435
9438
9470
9471
9475
9503
9509
9521
954
9543
9544
9554
9556
956
9561
9565
9568
9574
9576
9585
9588
9590
9593
9600
9601
9612
9614
9615
9629
9631
9651
9658
9659
9661
9663
9664
9672
9673
9680
9681
9694
971
9720
9729
9730
9733
9737
9740
9745
9746
9748
9756
9762
9772
9774
9778
9785
9797
9798
9807
9823
9837
9840
9841
9845
9846
9855
9874
9895
99
991
9919
9922
9923
9925
9928
9932
9938
9939
9944
9945
9950
9954
9961
9975
9979
9986
9996
9998
9999
